[0.061s] Invoking command in '/home/orion/IEEE_SEC_HW_Competition/sec_test_dev_humble_ws/build/sec_description': CMAKE_PREFIX_PATH=/opt/ros/humble /usr/bin/cmake --build /home/orion/IEEE_SEC_HW_Competition/sec_test_dev_humble_ws/build/sec_description -- -j8 -l8
[0.100s] -- Found ament_cmake: 1.3.6 (/opt/ros/humble/share/ament_cmake/cmake)
[0.337s] -- Found rclcpp: 16.0.7 (/opt/ros/humble/share/rclcpp/cmake)
[0.524s] -- Found rosidl_generator_c: 3.1.5 (/opt/ros/humble/share/rosidl_generator_c/cmake)
[0.533s] -- Found rosidl_adapter: 3.1.5 (/opt/ros/humble/share/rosidl_adapter/cmake)
[0.549s] -- Found rosidl_generator_cpp: 3.1.5 (/opt/ros/humble/share/rosidl_generator_cpp/cmake)
[0.573s] -- Using all available rosidl_typesupport_c: rosidl_typesupport_fastrtps_c;rosidl_typesupport_introspection_c
[0.605s] -- Using all available rosidl_typesupport_cpp: rosidl_typesupport_fastrtps_cpp;rosidl_typesupport_introspection_cpp
[0.702s] -- Found rmw_implementation_cmake: 6.1.1 (/opt/ros/humble/share/rmw_implementation_cmake/cmake)
[0.706s] -- Found rmw_fastrtps_cpp: 6.2.5 (/opt/ros/humble/share/rmw_fastrtps_cpp/cmake)
[1.843s] -- Found OpenSSL: /usr/lib/x86_64-linux-gnu/libcrypto.so (found version "3.0.2")  
[3.040s] -- Found FastRTPS: /opt/ros/humble/include  
[5.094s] -- Using RMW implementation 'rmw_fastrtps_cpp' as default
[5.120s] -- Looking for pthread.h
[5.332s] -- Looking for pthread.h - found
[5.333s] -- Performing Test CMAKE_HAVE_LIBC_PTHREAD
[5.470s] -- Performing Test CMAKE_HAVE_LIBC_PTHREAD - Success
[5.471s] -- Found Threads: TRUE  
[5.676s] -- Found tf2_msgs: 0.25.5 (/opt/ros/humble/share/tf2_msgs/cmake)
[5.916s] -- Found ament_lint_auto: 0.12.9 (/opt/ros/humble/share/ament_lint_auto/cmake)
[6.003s] -- Added test 'cppcheck' to perform static code analysis on C / C++ code
[6.003s] -- Configured cppcheck include dirs: 
[6.003s] -- Configured cppcheck exclude dirs and/or files: 
[6.005s] -- Added test 'flake8' to check Python code syntax and style conventions
[6.006s] -- Added test 'lint_cmake' to check CMake code style
[6.007s] -- Added test 'pep257' to check Python code against some of the docstring style conventions in PEP 257
[6.008s] -- Added test 'uncrustify' to check C / C++ code style
[6.008s] -- Configured uncrustify additional arguments: 
[6.009s] -- Added test 'xmllint' to check XML markup files
[6.011s] -- Configuring done
[6.027s] -- Generating done
[6.029s] -- Build files have been written to: /home/orion/IEEE_SEC_HW_Competition/sec_test_dev_humble_ws/build/sec_description
[6.062s] [ 50%] [32mBuilding CXX object CMakeFiles/listener.dir/src/tf_subscriber.cpp.o[0m
[6.529s] [01m[K/home/orion/IEEE_SEC_HW_Competition/sec_test_dev_humble_ws/src/sec_description/src/tf_subscriber.cpp:4:10:[m[K [01;31m[Kfatal error: [m[Ktf2_msgs/msg/TFMessage: No such file or directory
[6.530s]     4 | #include [01;31m[K"tf2_msgs/msg/TFMessage"[m[K
[6.530s]       |          [01;31m[K^~~~~~~~~~~~~~~~~~~~~~~~[m[K
[6.530s] compilation terminated.
[6.531s] gmake[2]: *** [CMakeFiles/listener.dir/build.make:76: CMakeFiles/listener.dir/src/tf_subscriber.cpp.o] Error 1
[6.532s] gmake[1]: *** [CMakeFiles/Makefile2:137: CMakeFiles/listener.dir/all] Error 2
[6.532s] gmake: *** [Makefile:146: all] Error 2
[6.534s] Invoked command in '/home/orion/IEEE_SEC_HW_Competition/sec_test_dev_humble_ws/build/sec_description' returned '2': CMAKE_PREFIX_PATH=/opt/ros/humble /usr/bin/cmake --build /home/orion/IEEE_SEC_HW_Competition/sec_test_dev_humble_ws/build/sec_description -- -j8 -l8
