[0.059s] Invoking command in '/home/orion/IEEE_SEC_HW_Competition/sec_test_dev_humble_ws/build/sec_description': CMAKE_PREFIX_PATH=/opt/ros/humble /usr/bin/cmake --build /home/orion/IEEE_SEC_HW_Competition/sec_test_dev_humble_ws/build/sec_description -- -j8 -l8
[0.096s] [35m[1mConsolidate compiler generated dependencies of target listener[0m
[0.117s] [ 50%] [32mBuilding CXX object CMakeFiles/listener.dir/src/tf_subscriber.cpp.o[0m
[2.996s] [01m[K/home/orion/IEEE_SEC_HW_Competition/sec_test_dev_humble_ws/src/sec_description/src/tf_subscriber.cpp:[m[K In member function â€˜[01m[Kvoid TFSubscriber::tf_callback(tf2_msgs::msg::TFMessage_<std::allocator<void> >::SharedPtr)[m[Kâ€™:
[2.996s] [01m[K/home/orion/IEEE_SEC_HW_Competition/sec_test_dev_humble_ws/src/sec_description/src/tf_subscriber.cpp:35:64:[m[K [01;31m[Kerror: [m[Kno matching function for call to â€˜[01m[Kstd::chrono::duration<long int>::duration(double)[m[Kâ€™
[2.996s]    35 |           std::this_thread::sleep_for(std::chrono::seconds(0.25[01;31m[K)[m[K);
[2.996s]       |                                                                [01;31m[K^[m[K
[2.997s] In file included from [01m[K/home/orion/IEEE_SEC_HW_Competition/sec_test_dev_humble_ws/src/sec_description/src/tf_subscriber.cpp:2[m[K:
[2.997s] [01m[K/usr/include/c++/11/chrono:529:21:[m[K [01;36m[Knote: [m[Kcandidate: â€˜[01m[Ktemplate<class _Rep2, class _Period2, class> constexpr std::chrono::duration<_Rep, _Period>::duration(const std::chrono::duration<_Rep, _Period>&) [with _Rep2 = _Rep2; _Period2 = _Period2; <template-parameter-2-3> = <template-parameter-1-3>; _Rep = long int; _Period = std::ratio<1>][m[Kâ€™
[2.997s]   529 |           constexpr [01;36m[Kduration[m[K(const duration<_Rep2, _Period2>& __d)
[2.997s]       |                     [01;36m[K^~~~~~~~[m[K
[2.997s] [01m[K/usr/include/c++/11/chrono:529:21:[m[K [01;36m[Knote: [m[K  template argument deduction/substitution failed:
[2.997s] [01m[K/home/orion/IEEE_SEC_HW_Competition/sec_test_dev_humble_ws/src/sec_description/src/tf_subscriber.cpp:35:64:[m[K [01;36m[Knote: [m[K  mismatched types â€˜[01m[Kconst std::chrono::duration<_Rep1, _Period1>[m[Kâ€™ and â€˜[01m[Kdouble[m[Kâ€™
[2.997s]    35 |           std::this_thread::sleep_for(std::chrono::seconds(0.25[01;36m[K)[m[K);
[2.998s]       |                                                                [01;36m[K^[m[K
[2.998s] In file included from [01m[K/home/orion/IEEE_SEC_HW_Competition/sec_test_dev_humble_ws/src/sec_description/src/tf_subscriber.cpp:2[m[K:
[2.998s] [01m[K/usr/include/c++/11/chrono:521:30:[m[K [01;36m[Knote: [m[Kcandidate: â€˜[01m[Ktemplate<class _Rep2, class> constexpr std::chrono::duration<_Rep, _Period>::duration(const _Rep2&) [with _Rep2 = _Rep2; <template-parameter-2-2> = <template-parameter-1-2>; _Rep = long int; _Period = std::ratio<1>][m[Kâ€™
[2.998s]   521 |           constexpr explicit [01;36m[Kduration[m[K(const _Rep2& __rep)
[2.998s]       |                              [01;36m[K^~~~~~~~[m[K
[2.998s] [01m[K/usr/include/c++/11/chrono:521:30:[m[K [01;36m[Knote: [m[K  template argument deduction/substitution failed:
[2.999s] In file included from [01m[K/usr/include/c++/11/bits/move.h:57[m[K,
[2.999s]                  from [01m[K/usr/include/c++/11/bits/stl_pair.h:59[m[K,
[2.999s]                  from [01m[K/usr/include/c++/11/bits/stl_algobase.h:64[m[K,
[2.999s]                  from [01m[K/usr/include/c++/11/memory:63[m[K,
[2.999s]                  from [01m[K/home/orion/IEEE_SEC_HW_Competition/sec_test_dev_humble_ws/src/sec_description/src/tf_subscriber.cpp:1[m[K:
[2.999s] /usr/include/c++/11/type_traits: In substitution of â€˜[01m[Ktemplate<bool _Cond, class _Tp> using __enable_if_t = typename std::enable_if::type [with bool _Cond = false; _Tp = void][m[Kâ€™:
[2.999s] [01m[K/usr/include/c++/11/type_traits:2209:11:[m[K   required by substitution of â€˜[01m[Ktemplate<class ... _Cond> using _Require = std::__enable_if_t<std::__and_< <template-parameter-1-1> >::value> [with _Cond = {std::is_convertible<const double&, long int>, std::__or_<std::chrono::treat_as_floating_point<long int>, std::__not_<std::chrono::treat_as_floating_point<double> > >}][m[Kâ€™
[3.000s] [01m[K/usr/include/c++/11/chrono:518:27:[m[K   required from here
[3.000s] [01m[K/usr/include/c++/11/type_traits:2205:11:[m[K [01;31m[Kerror: [m[Kno type named â€˜[01m[Ktype[m[Kâ€™ in â€˜[01m[Kstruct std::enable_if<false, void>[m[Kâ€™
[3.000s]  2205 |     using [01;31m[K__enable_if_t[m[K = typename enable_if<_Cond, _Tp>::type;
[3.000s]       |           [01;31m[K^~~~~~~~~~~~~[m[K
[3.000s] In file included from [01m[K/home/orion/IEEE_SEC_HW_Competition/sec_test_dev_humble_ws/src/sec_description/src/tf_subscriber.cpp:2[m[K:
[3.000s] [01m[K/usr/include/c++/11/chrono:514:9:[m[K [01;36m[Knote: [m[Kcandidate: â€˜[01m[Kconstexpr std::chrono::duration<_Rep, _Period>::duration(const std::chrono::duration<_Rep, _Period>&) [with _Rep = long int; _Period = std::ratio<1>][m[Kâ€™
[3.000s]   514 |         [01;36m[Kduration[m[K(const duration&) = default;
[3.000s]       |         [01;36m[K^~~~~~~~[m[K
[3.000s] [01m[K/usr/include/c++/11/chrono:514:18:[m[K [01;36m[Knote: [m[K  no known conversion for argument 1 from â€˜[01m[Kdouble[m[Kâ€™ to â€˜[01m[Kconst std::chrono::duration<long int>&[m[Kâ€™
[3.000s]   514 |         duration([01;36m[Kconst duration&[m[K) = default;
[3.000s]       |                  [01;36m[K^~~~~~~~~~~~~~~[m[K
[3.000s] [01m[K/usr/include/c++/11/chrono:512:19:[m[K [01;36m[Knote: [m[Kcandidate: â€˜[01m[Kstd::chrono::duration<_Rep, _Period>::duration() [with _Rep = long int; _Period = std::ratio<1>][m[Kâ€™
[3.000s]   512 |         constexpr [01;36m[Kduration[m[K() = default;
[3.000s]       |                   [01;36m[K^~~~~~~~[m[K
[3.000s] [01m[K/usr/include/c++/11/chrono:512:19:[m[K [01;36m[Knote: [m[K  candidate expects 0 arguments, 1 provided
[5.992s] gmake[2]: *** [CMakeFiles/listener.dir/build.make:76: CMakeFiles/listener.dir/src/tf_subscriber.cpp.o] Error 1
[5.992s] gmake[1]: *** [CMakeFiles/Makefile2:137: CMakeFiles/listener.dir/all] Error 2
[5.992s] gmake: *** [Makefile:146: all] Error 2
[5.995s] Invoked command in '/home/orion/IEEE_SEC_HW_Competition/sec_test_dev_humble_ws/build/sec_description' returned '2': CMAKE_PREFIX_PATH=/opt/ros/humble /usr/bin/cmake --build /home/orion/IEEE_SEC_HW_Competition/sec_test_dev_humble_ws/build/sec_description -- -j8 -l8
