[0.025s] Invoking command in '/home/jayboi/serial_ws/build/arduino_communication': /usr/bin/cmake --build /home/jayboi/serial_ws/build/arduino_communication -- -j8 -l8
[0.043s] -- Found ament_cmake: 1.3.7 (/opt/ros/humble/share/ament_cmake/cmake)
[0.185s] Traceback (most recent call last):
[0.185s]   File "/opt/ros/humble/share/ament_cmake_core/cmake/package_templates/templates_2_cmake.py", line 21, in <module>
[0.185s]     from ament_package.templates import get_environment_hook_template_path
[0.185s] ModuleNotFoundError: No module named 'ament_package'
[0.196s] [31mCMake Error at /opt/ros/humble/share/ament_cmake_core/cmake/ament_cmake_package_templates-extras.cmake:41 (message):
[0.197s]   execute_process(/usr/bin/python3.10
[0.197s]   /opt/ros/humble/share/ament_cmake_core/cmake/package_templates/templates_2_cmake.py
[0.197s]   /home/jayboi/serial_ws/build/arduino_communication/ament_cmake_package_templates/templates.cmake)
[0.197s]   returned error code 1
[0.197s] Call Stack (most recent call first):
[0.197s]   /opt/ros/humble/share/ament_cmake_core/cmake/ament_cmake_coreConfig.cmake:41 (include)
[0.197s]   /opt/ros/humble/share/ament_cmake/cmake/ament_cmake_export_dependencies-extras.cmake:15 (find_package)
[0.197s]   /opt/ros/humble/share/ament_cmake/cmake/ament_cmakeConfig.cmake:41 (include)
[0.197s]   CMakeLists.txt:18 (find_package)
[0.197s] 
[0.197s] [0m
[0.197s] -- Configuring incomplete, errors occurred!
[0.197s] See also "/home/jayboi/serial_ws/build/arduino_communication/CMakeFiles/CMakeOutput.log".
[0.199s] gmake: *** [Makefile:362: cmake_check_build_system] Error 1
[0.200s] Invoked command in '/home/jayboi/serial_ws/build/arduino_communication' returned '2': /usr/bin/cmake --build /home/jayboi/serial_ws/build/arduino_communication -- -j8 -l8
