[0.062s] Invoking command in '/home/orion/IEEE_SEC_HW_Competition/sec_test_dev_humble_ws/build/sec_description': CMAKE_PREFIX_PATH=/opt/ros/humble /usr/bin/cmake --build /home/orion/IEEE_SEC_HW_Competition/sec_test_dev_humble_ws/build/sec_description -- -j8 -l8
[0.087s] -- Found ament_cmake: 1.3.6 (/opt/ros/humble/share/ament_cmake/cmake)
[0.247s] -- Found rclcpp: 16.0.7 (/opt/ros/humble/share/rclcpp/cmake)
[0.386s] -- Found rosidl_generator_c: 3.1.5 (/opt/ros/humble/share/rosidl_generator_c/cmake)
[0.390s] -- Found rosidl_adapter: 3.1.5 (/opt/ros/humble/share/rosidl_adapter/cmake)
[0.398s] -- Found rosidl_generator_cpp: 3.1.5 (/opt/ros/humble/share/rosidl_generator_cpp/cmake)
[0.412s] -- Using all available rosidl_typesupport_c: rosidl_typesupport_fastrtps_c;rosidl_typesupport_introspection_c
[0.433s] -- Using all available rosidl_typesupport_cpp: rosidl_typesupport_fastrtps_cpp;rosidl_typesupport_introspection_cpp
[0.504s] -- Found rmw_implementation_cmake: 6.1.1 (/opt/ros/humble/share/rmw_implementation_cmake/cmake)
[0.506s] -- Found rmw_fastrtps_cpp: 6.2.5 (/opt/ros/humble/share/rmw_fastrtps_cpp/cmake)
[4.610s] -- Using RMW implementation 'rmw_fastrtps_cpp' as default
[4.782s] -- Found tf2_msgs: 0.25.5 (/opt/ros/humble/share/tf2_msgs/cmake)
[4.991s] -- Found ament_lint_auto: 0.12.9 (/opt/ros/humble/share/ament_lint_auto/cmake)
[5.078s] -- Added test 'cppcheck' to perform static code analysis on C / C++ code
[5.078s] -- Configured cppcheck include dirs: 
[5.079s] -- Configured cppcheck exclude dirs and/or files: 
[5.079s] -- Added test 'flake8' to check Python code syntax and style conventions
[5.079s] -- Added test 'lint_cmake' to check CMake code style
[5.079s] -- Added test 'pep257' to check Python code against some of the docstring style conventions in PEP 257
[5.080s] -- Added test 'uncrustify' to check C / C++ code style
[5.080s] -- Configured uncrustify additional arguments: 
[5.080s] -- Added test 'xmllint' to check XML markup files
[5.081s] -- Configuring done
[5.091s] -- Generating done
[5.092s] -- Build files have been written to: /home/orion/IEEE_SEC_HW_Competition/sec_test_dev_humble_ws/build/sec_description
[5.126s] [ 50%] [32mBuilding CXX object CMakeFiles/listener.dir/src/tf_subscriber.cpp.o[0m
[7.999s] [01m[K/home/orion/IEEE_SEC_HW_Competition/sec_test_dev_humble_ws/src/sec_description/src/tf_subscriber.cpp:18:31:[m[K [01;31m[Kerror: [m[Kâ€˜[01m[Kgeometry_msgs[m[Kâ€™ does not name a type
[7.999s]    18 |     void topic_callback(const [01;31m[Kgeometry_msgs[m[K/msg/transform_stamped & msg) const
[7.999s]       |                               [01;31m[K^~~~~~~~~~~~~[m[K
[7.999s] [01m[K/home/orion/IEEE_SEC_HW_Competition/sec_test_dev_humble_ws/src/sec_description/src/tf_subscriber.cpp:18:44:[m[K [01;31m[Kerror: [m[Kexpected â€˜[01m[K,[m[Kâ€™ or â€˜[01m[K...[m[Kâ€™ before â€˜[01m[K/[m[Kâ€™ token
[7.999s]    18 |     void topic_callback(const geometry_msgs[01;31m[K/[m[Kmsg/transform_stamped & msg) const
[7.999s]       |                                            [01;31m[K^[m[K
[7.999s] [01m[K/home/orion/IEEE_SEC_HW_Competition/sec_test_dev_humble_ws/src/sec_description/src/tf_subscriber.cpp:22:61:[m[K [01;31m[Kerror: [m[Ktemplate argument 1 is invalid
[7.999s]    22 | scription<geometry_msgs/msg/transform_stamped[01;31m[K>[m[K::SharedPtr subscription_;
[7.999s]       |                                              [01;31m[K^[m[K
[8.000s] 
[8.000s] [01m[K/home/orion/IEEE_SEC_HW_Competition/sec_test_dev_humble_ws/src/sec_description/src/tf_subscriber.cpp:22:61:[m[K [01;31m[Kerror: [m[Ktemplate argument 3 is invalid
[8.000s] [01m[K/home/orion/IEEE_SEC_HW_Competition/sec_test_dev_humble_ws/src/sec_description/src/tf_subscriber.cpp:22:61:[m[K [01;31m[Kerror: [m[Ktemplate argument 4 is invalid
[8.000s] [01m[K/home/orion/IEEE_SEC_HW_Competition/sec_test_dev_humble_ws/src/sec_description/src/tf_subscriber.cpp:22:61:[m[K [01;31m[Kerror: [m[Ktemplate argument 5 is invalid
[8.000s] [01m[K/home/orion/IEEE_SEC_HW_Competition/sec_test_dev_humble_ws/src/sec_description/src/tf_subscriber.cpp:22:64:[m[K [01;31m[Kerror: [m[Kexpected â€˜[01m[K;[m[Kâ€™ at end of member declaration
[8.000s]    22 | iption<geometry_msgs/msg/transform_stamped>::[01;31m[KSharedPtr[m[K subscription_;
[8.000s]       |                                              [01;31m[K^~~~~~~~~[m[K
[8.000s]       |                                                       [32m[K;[m[K
[8.002s] [01m[K/home/orion/IEEE_SEC_HW_Competition/sec_test_dev_humble_ws/src/sec_description/src/tf_subscriber.cpp:22:74:[m[K [01;31m[Kerror: [m[Kâ€˜[01m[Ksubscription_[m[Kâ€™ does not name a type; did you mean â€˜[01m[Krmw_subscription_t[m[Kâ€™?
[8.002s]    22 | metry_msgs/msg/transform_stamped>::SharedPtr [01;31m[Ksubscription_[m[K;
[8.002s]       |                                              [01;31m[K^~~~~~~~~~~~~[m[K
[8.002s]       |                                              [32m[Krmw_subscription_t[m[K
[8.010s] [01m[K/home/orion/IEEE_SEC_HW_Competition/sec_test_dev_humble_ws/src/sec_description/src/tf_subscriber.cpp:[m[K In constructor â€˜[01m[KTf_sub_node::Tf_sub_node()[m[Kâ€™:
[8.010s] [01m[K/home/orion/IEEE_SEC_HW_Competition/sec_test_dev_humble_ws/src/sec_description/src/tf_subscriber.cpp:13:7:[m[K [01;31m[Kerror: [m[Kâ€˜[01m[Ksubscription_[m[Kâ€™ was not declared in this scope; did you mean â€˜[01m[Krmw_subscription_t[m[Kâ€™?
[8.011s]    13 |       [01;31m[Ksubscription_[m[K = this->create_subscription<geometry_msgs/msg/transform_stamped>(
[8.011s]       |       [01;31m[K^~~~~~~~~~~~~[m[K
[8.011s]       |       [32m[Krmw_subscription_t[m[K
[8.011s] [01m[K/home/orion/IEEE_SEC_HW_Competition/sec_test_dev_humble_ws/src/sec_description/src/tf_subscriber.cpp:13:29:[m[K [01;31m[Kerror: [m[Kparse error in template argument list
[8.011s]    13 |       subscription_ = this->[01;31m[Kcreate_subscription<geometry_msgs/msg/transform_stamped>[m[K(
[8.011s]       |                             [01;31m[K^~~~~~~~~~~~~~~~~~~~~~~~~~~~~~~~~~~~~~~~~~~~~~~~~~~~~~~~[m[K
[8.016s] [01m[K/home/orion/IEEE_SEC_HW_Competition/sec_test_dev_humble_ws/src/sec_description/src/tf_subscriber.cpp:13:85:[m[K [01;31m[Kerror: [m[Kno matching function for call to â€˜[01m[KTf_sub_node::create_subscription<<expression error> >(const char [3], int, std::_Bind_helper<false, void (Tf_sub_node::*)(int) const, Tf_sub_node*, const std::_Placeholder<1>&>::type)[m[Kâ€™
[8.016s]    13 | [01;31m[Kreate_subscription<geometry_msgs/msg/transform_stamped>([m[K
[8.016s]       | [01;31m[K~~~~~~~~~~~~~~~~~~~~~~~~~~~~~~~~~~~~~~~~~~~~~~~~~~~~~~~^[m[K
[8.016s] 
[8.016s]    14 | [01;31m[K_sub_node::topic_callback, this, _1))[m[K;
[8.016s]       | [01;31m[K~~~~~~~~~~~~~~~~~~~~~~~~~~~~~~~~~~~~~[m[K                   
[8.016s] 
[8.017s] In file included from [01m[K/opt/ros/humble/include/rclcpp/rclcpp/executors/single_threaded_executor.hpp:28[m[K,
[8.017s]                  from [01m[K/opt/ros/humble/include/rclcpp/rclcpp/executors.hpp:22[m[K,
[8.017s]                  from [01m[K/opt/ros/humble/include/rclcpp/rclcpp/rclcpp.hpp:155[m[K,
[8.017s]                  from [01m[K/home/orion/IEEE_SEC_HW_Competition/sec_test_dev_humble_ws/src/sec_description/src/tf_subscriber.cpp:3[m[K:
[8.017s] [01m[K/opt/ros/humble/include/rclcpp/rclcpp/node.hpp:219:3:[m[K [01;36m[Knote: [m[Kcandidate: â€˜[01m[Ktemplate<class MessageT, class CallbackT, class AllocatorT, class SubscriptionT, class MessageMemoryStrategyT> std::shared_ptr<ROSMessageT> rclcpp::Node::create_subscription(const string&, const rclcpp::QoS&, CallbackT&&, const rclcpp::SubscriptionOptionsWithAllocator<AllocatorT>&, typename MessageMemoryStrategyT::SharedPtr)[m[Kâ€™
[8.017s]   219 |   [01;36m[Kcreate_subscription[m[K(
[8.017s]       |   [01;36m[K^~~~~~~~~~~~~~~~~~~[m[K
[8.017s] [01m[K/opt/ros/humble/include/rclcpp/rclcpp/node.hpp:219:3:[m[K [01;36m[Knote: [m[K  template argument deduction/substitution failed:
[8.017s] [01m[K/home/orion/IEEE_SEC_HW_Competition/sec_test_dev_humble_ws/src/sec_description/src/tf_subscriber.cpp:13:85:[m[K [01;31m[Kerror: [m[Ktemplate argument 1 is invalid
[8.017s]    13 | [01;31m[Kreate_subscription<geometry_msgs/msg/transform_stamped>([m[K
[8.018s]       | [01;31m[K~~~~~~~~~~~~~~~~~~~~~~~~~~~~~~~~~~~~~~~~~~~~~~~~~~~~~~~^[m[K
[8.018s] 
[8.018s]    14 | [01;31m[K_sub_node::topic_callback, this, _1))[m[K;
[8.018s]       | [01;31m[K~~~~~~~~~~~~~~~~~~~~~~~~~~~~~~~~~~~~~[m[K                   
[8.018s] 
[8.018s] In file included from [01m[K/opt/ros/humble/include/rclcpp/rclcpp/logging.hpp:24[m[K,
[8.018s]                  from [01m[K/opt/ros/humble/include/rclcpp/rclcpp/client.hpp:40[m[K,
[8.019s]                  from [01m[K/opt/ros/humble/include/rclcpp/rclcpp/callback_group.hpp:24[m[K,
[8.019s]                  from [01m[K/opt/ros/humble/include/rclcpp/rclcpp/any_executable.hpp:20[m[K,
[8.019s]                  from [01m[K/opt/ros/humble/include/rclcpp/rclcpp/memory_strategy.hpp:25[m[K,
[8.019s]                  from [01m[K/opt/ros/humble/include/rclcpp/rclcpp/memory_strategies.hpp:18[m[K,
[8.019s]                  from [01m[K/opt/ros/humble/include/rclcpp/rclcpp/executor_options.hpp:20[m[K,
[8.019s]                  from [01m[K/opt/ros/humble/include/rclcpp/rclcpp/executor.hpp:37[m[K,
[8.019s]                  from [01m[K/opt/ros/humble/include/rclcpp/rclcpp/executors/multi_threaded_executor.hpp:25[m[K,
[8.019s]                  from [01m[K/opt/ros/humble/include/rclcpp/rclcpp/executors.hpp:21[m[K,
[8.019s]                  from [01m[K/opt/ros/humble/include/rclcpp/rclcpp/rclcpp.hpp:155[m[K,
[8.019s]                  from [01m[K/home/orion/IEEE_SEC_HW_Competition/sec_test_dev_humble_ws/src/sec_description/src/tf_subscriber.cpp:3[m[K:
[8.019s] [01m[K/home/orion/IEEE_SEC_HW_Competition/sec_test_dev_humble_ws/src/sec_description/src/tf_subscriber.cpp:[m[K In member function â€˜[01m[Kvoid Tf_sub_node::topic_callback(int) const[m[Kâ€™:
[8.019s] [01m[K/home/orion/IEEE_SEC_HW_Competition/sec_test_dev_humble_ws/src/sec_description/src/tf_subscriber.cpp:20:56:[m[K [01;31m[Kerror: [m[Kâ€˜[01m[Kmsg[m[Kâ€™ was not declared in this scope
[8.019s]    20 | PP_INFO(this->get_logger(), "I heard: '%s'", [01;31m[Kmsg[m[K.data.c_str());
[8.019s]       |                                              [01;31m[K^~~[m[K
[8.019s] 
[8.020s] [01m[K/home/orion/IEEE_SEC_HW_Competition/sec_test_dev_humble_ws/src/sec_description/src/tf_subscriber.cpp:20:56:[m[K [01;36m[Knote: [m[Ksuggested alternatives:
[8.020s] In file included from [01m[K/opt/ros/humble/include/builtin_interfaces/builtin_interfaces/msg/duration.hpp:7[m[K,
[8.020s]                  from [01m[K/opt/ros/humble/include/rclcpp/rclcpp/duration.hpp:20[m[K,
[8.020s]                  from [01m[K/opt/ros/humble/include/rclcpp/rclcpp/qos.hpp:20[m[K,
[8.021s]                  from [01m[K/opt/ros/humble/include/rclcpp/rclcpp/node_interfaces/node_graph_interface.hpp:32[m[K,
[8.021s]                  from [01m[K/opt/ros/humble/include/rclcpp/rclcpp/client.hpp:42[m[K,
[8.021s]                  from [01m[K/opt/ros/humble/include/rclcpp/rclcpp/callback_group.hpp:24[m[K,
[8.021s]                  from [01m[K/opt/ros/humble/include/rclcpp/rclcpp/any_executable.hpp:20[m[K,
[8.021s]                  from [01m[K/opt/ros/humble/include/rclcpp/rclcpp/memory_strategy.hpp:25[m[K,
[8.021s]                  from [01m[K/opt/ros/humble/include/rclcpp/rclcpp/memory_strategies.hpp:18[m[K,
[8.021s]                  from [01m[K/opt/ros/humble/include/rclcpp/rclcpp/executor_options.hpp:20[m[K,
[8.022s]                  from [01m[K/opt/ros/humble/include/rclcpp/rclcpp/executor.hpp:37[m[K,
[8.022s]                  from [01m[K/opt/ros/humble/include/rclcpp/rclcpp/executors/multi_threaded_executor.hpp:25[m[K,
[8.022s]                  from [01m[K/opt/ros/humble/include/rclcpp/rclcpp/executors.hpp:21[m[K,
[8.022s]                  from [01m[K/opt/ros/humble/include/rclcpp/rclcpp/rclcpp.hpp:155[m[K,
[8.022s]                  from [01m[K/home/orion/IEEE_SEC_HW_Competition/sec_test_dev_humble_ws/src/sec_description/src/tf_subscriber.cpp:3[m[K:
[8.022s] [01m[K/opt/ros/humble/include/builtin_interfaces/builtin_interfaces/msg/detail/duration__struct.hpp:27:11:[m[K [01;36m[Knote: [m[K  â€˜[01m[Kbuiltin_interfaces::msg[m[Kâ€™
[8.022s]    27 | namespace [01;36m[Kmsg[m[K
[8.022s]       |           [01;36m[K^~~[m[K
[8.023s] In file included from [01m[K/opt/ros/humble/include/rcl_interfaces/rcl_interfaces/msg/set_parameters_result.hpp:7[m[K,
[8.023s]                  from [01m[K/opt/ros/humble/include/rclcpp/rclcpp/qos_overriding_options.hpp:28[m[K,
[8.023s]                  from [01m[K/opt/ros/humble/include/rclcpp/rclcpp/subscription_options.hpp:30[m[K,
[8.023s]                  from [01m[K/opt/ros/humble/include/rclcpp/rclcpp/subscription.hpp:45[m[K,
[8.023s]                  from [01m[K/opt/ros/humble/include/rclcpp/rclcpp/any_executable.hpp:25[m[K,
[8.023s]                  from [01m[K/opt/ros/humble/include/rclcpp/rclcpp/memory_strategy.hpp:25[m[K,
[8.023s]                  from [01m[K/opt/ros/humble/include/rclcpp/rclcpp/memory_strategies.hpp:18[m[K,
[8.023s]                  from [01m[K/opt/ros/humble/include/rclcpp/rclcpp/executor_options.hpp:20[m[K,
[8.023s]                  from [01m[K/opt/ros/humble/include/rclcpp/rclcpp/executor.hpp:37[m[K,
[8.023s]                  from [01m[K/opt/ros/humble/include/rclcpp/rclcpp/executors/multi_threaded_executor.hpp:25[m[K,
[8.023s]                  from [01m[K/opt/ros/humble/include/rclcpp/rclcpp/executors.hpp:21[m[K,
[8.023s]                  from [01m[K/opt/ros/humble/include/rclcpp/rclcpp/rclcpp.hpp:155[m[K,
[8.024s]                  from [01m[K/home/orion/IEEE_SEC_HW_Competition/sec_test_dev_humble_ws/src/sec_description/src/tf_subscriber.cpp:3[m[K:
[8.024s] [01m[K/opt/ros/humble/include/rcl_interfaces/rcl_interfaces/msg/detail/set_parameters_result__struct.hpp:27:11:[m[K [01;36m[Knote: [m[K  â€˜[01m[Krcl_interfaces::msg[m[Kâ€™
[8.024s]    27 | namespace [01;36m[Kmsg[m[K
[8.024s]       |           [01;36m[K^~~[m[K
[8.024s] In file included from [01m[K/opt/ros/humble/include/statistics_msgs/statistics_msgs/msg/detail/metrics_message__struct.hpp:23[m[K,
[8.024s]                  from [01m[K/opt/ros/humble/include/statistics_msgs/statistics_msgs/msg/metrics_message.hpp:7[m[K,
[8.024s]                  from [01m[K/opt/ros/humble/include/libstatistics_collector/libstatistics_collector/collector/generate_statistics_message.hpp:21[m[K,
[8.024s]                  from [01m[K/opt/ros/humble/include/rclcpp/rclcpp/topic_statistics/subscription_topic_statistics.hpp:23[m[K,
[8.024s]                  from [01m[K/opt/ros/humble/include/rclcpp/rclcpp/subscription.hpp:50[m[K,
[8.024s]                  from [01m[K/opt/ros/humble/include/rclcpp/rclcpp/any_executable.hpp:25[m[K,
[8.024s]                  from [01m[K/opt/ros/humble/include/rclcpp/rclcpp/memory_strategy.hpp:25[m[K,
[8.024s]                  from [01m[K/opt/ros/humble/include/rclcpp/rclcpp/memory_strategies.hpp:18[m[K,
[8.024s]                  from [01m[K/opt/ros/humble/include/rclcpp/rclcpp/executor_options.hpp:20[m[K,
[8.024s]                  from [01m[K/opt/ros/humble/include/rclcpp/rclcpp/executor.hpp:37[m[K,
[8.024s]                  from [01m[K/opt/ros/humble/include/rclcpp/rclcpp/executors/multi_threaded_executor.hpp:25[m[K,
[8.024s]                  from [01m[K/opt/ros/humble/include/rclcpp/rclcpp/executors.hpp:21[m[K,
[8.024s]                  from [01m[K/opt/ros/humble/include/rclcpp/rclcpp/rclcpp.hpp:155[m[K,
[8.025s]                  from [01m[K/home/orion/IEEE_SEC_HW_Competition/sec_test_dev_humble_ws/src/sec_description/src/tf_subscriber.cpp:3[m[K:
[8.025s] [01m[K/opt/ros/humble/include/statistics_msgs/statistics_msgs/msg/detail/statistic_data_point__struct.hpp:27:11:[m[K [01;36m[Knote: [m[K  â€˜[01m[Kstatistics_msgs::msg[m[Kâ€™
[8.025s]    27 | namespace [01;36m[Kmsg[m[K
[8.025s]       |           [01;36m[K^~~[m[K
[8.025s] In file included from [01m[K/opt/ros/humble/include/geometry_msgs/geometry_msgs/msg/detail/transform_stamped__struct.hpp:20[m[K,
[8.025s]                  from [01m[K/opt/ros/humble/include/geometry_msgs/geometry_msgs/msg/transform_stamped.hpp:7[m[K,
[8.025s]                  from [01m[K/home/orion/IEEE_SEC_HW_Competition/sec_test_dev_humble_ws/src/sec_description/src/tf_subscriber.cpp:4[m[K:
[8.025s] [01m[K/opt/ros/humble/include/std_msgs/std_msgs/msg/detail/header__struct.hpp:31:11:[m[K [01;36m[Knote: [m[K  â€˜[01m[Kstd_msgs::msg[m[Kâ€™
[8.025s]    31 | namespace [01;36m[Kmsg[m[K
[8.025s]       |           [01;36m[K^~~[m[K
[8.025s] In file included from [01m[K/opt/ros/humble/include/geometry_msgs/geometry_msgs/msg/detail/transform__struct.hpp:20[m[K,
[8.025s]                  from [01m[K/opt/ros/humble/include/geometry_msgs/geometry_msgs/msg/detail/transform_stamped__struct.hpp:22[m[K,
[8.025s]                  from [01m[K/opt/ros/humble/include/geometry_msgs/geometry_msgs/msg/transform_stamped.hpp:7[m[K,
[8.025s]                  from [01m[K/home/orion/IEEE_SEC_HW_Competition/sec_test_dev_humble_ws/src/sec_description/src/tf_subscriber.cpp:4[m[K:
[8.025s] [01m[K/opt/ros/humble/include/geometry_msgs/geometry_msgs/msg/detail/vector3__struct.hpp:27:11:[m[K [01;36m[Knote: [m[K  â€˜[01m[Kgeometry_msgs::msg[m[Kâ€™
[8.025s]    27 | namespace [01;36m[Kmsg[m[K
[8.025s]       |           [01;36m[K^~~[m[K
[8.553s] gmake[2]: *** [CMakeFiles/listener.dir/build.make:76: CMakeFiles/listener.dir/src/tf_subscriber.cpp.o] Error 1
[8.553s] gmake[1]: *** [CMakeFiles/Makefile2:137: CMakeFiles/listener.dir/all] Error 2
[8.553s] gmake: *** [Makefile:146: all] Error 2
[8.555s] Invoked command in '/home/orion/IEEE_SEC_HW_Competition/sec_test_dev_humble_ws/build/sec_description' returned '2': CMAKE_PREFIX_PATH=/opt/ros/humble /usr/bin/cmake --build /home/orion/IEEE_SEC_HW_Competition/sec_test_dev_humble_ws/build/sec_description -- -j8 -l8
