[0.043s] Invoking command in '/home/orion/IEEE_SEC_HW_Competition/sec_test_dev_humble_ws/build/sec_description': CMAKE_PREFIX_PATH=/opt/ros/humble /usr/bin/cmake --build /home/orion/IEEE_SEC_HW_Competition/sec_test_dev_humble_ws/build/sec_description -- -j8 -l8
[0.064s] -- Found ament_cmake: 1.3.6 (/opt/ros/humble/share/ament_cmake/cmake)
[0.223s] -- Found rclcpp: 16.0.7 (/opt/ros/humble/share/rclcpp/cmake)
[0.378s] -- Found rosidl_generator_c: 3.1.5 (/opt/ros/humble/share/rosidl_generator_c/cmake)
[0.380s] -- Found rosidl_adapter: 3.1.5 (/opt/ros/humble/share/rosidl_adapter/cmake)
[0.387s] -- Found rosidl_generator_cpp: 3.1.5 (/opt/ros/humble/share/rosidl_generator_cpp/cmake)
[0.398s] -- Using all available rosidl_typesupport_c: rosidl_typesupport_fastrtps_c;rosidl_typesupport_introspection_c
[0.416s] -- Using all available rosidl_typesupport_cpp: rosidl_typesupport_fastrtps_cpp;rosidl_typesupport_introspection_cpp
[0.492s] -- Found rmw_implementation_cmake: 6.1.1 (/opt/ros/humble/share/rmw_implementation_cmake/cmake)
[0.494s] -- Found rmw_fastrtps_cpp: 6.2.5 (/opt/ros/humble/share/rmw_fastrtps_cpp/cmake)
[5.170s] -- Using RMW implementation 'rmw_fastrtps_cpp' as default
[5.356s] -- Found geometry_msgs: 4.2.3 (/opt/ros/humble/share/geometry_msgs/cmake)
[5.413s] -- Found ament_lint_auto: 0.12.9 (/opt/ros/humble/share/ament_lint_auto/cmake)
[5.498s] -- Added test 'cppcheck' to perform static code analysis on C / C++ code
[5.498s] -- Configured cppcheck include dirs: 
[5.498s] -- Configured cppcheck exclude dirs and/or files: 
[5.498s] -- Added test 'flake8' to check Python code syntax and style conventions
[5.499s] -- Added test 'lint_cmake' to check CMake code style
[5.499s] -- Added test 'pep257' to check Python code against some of the docstring style conventions in PEP 257
[5.500s] -- Added test 'uncrustify' to check C / C++ code style
[5.500s] -- Configured uncrustify additional arguments: 
[5.500s] -- Added test 'xmllint' to check XML markup files
[5.501s] -- Configuring done
[5.511s] -- Generating done
[5.513s] -- Build files have been written to: /home/orion/IEEE_SEC_HW_Competition/sec_test_dev_humble_ws/build/sec_description
[5.541s] [35m[1mConsolidate compiler generated dependencies of target listener[0m
[5.559s] [ 50%] [32mBuilding CXX object CMakeFiles/listener.dir/src/tf_subscriber.cpp.o[0m
[8.490s] In file included from [01m[K/opt/ros/humble/include/rclcpp/rclcpp/logging.hpp:24[m[K,
[8.490s]                  from [01m[K/opt/ros/humble/include/rclcpp/rclcpp/client.hpp:40[m[K,
[8.490s]                  from [01m[K/opt/ros/humble/include/rclcpp/rclcpp/callback_group.hpp:24[m[K,
[8.490s]                  from [01m[K/opt/ros/humble/include/rclcpp/rclcpp/any_executable.hpp:20[m[K,
[8.490s]                  from [01m[K/opt/ros/humble/include/rclcpp/rclcpp/memory_strategy.hpp:25[m[K,
[8.490s]                  from [01m[K/opt/ros/humble/include/rclcpp/rclcpp/memory_strategies.hpp:18[m[K,
[8.491s]                  from [01m[K/opt/ros/humble/include/rclcpp/rclcpp/executor_options.hpp:20[m[K,
[8.491s]                  from [01m[K/opt/ros/humble/include/rclcpp/rclcpp/executor.hpp:37[m[K,
[8.491s]                  from [01m[K/opt/ros/humble/include/rclcpp/rclcpp/executors/multi_threaded_executor.hpp:25[m[K,
[8.491s]                  from [01m[K/opt/ros/humble/include/rclcpp/rclcpp/executors.hpp:21[m[K,
[8.491s]                  from [01m[K/opt/ros/humble/include/rclcpp/rclcpp/rclcpp.hpp:155[m[K,
[8.491s]                  from [01m[K/home/orion/IEEE_SEC_HW_Competition/sec_test_dev_humble_ws/src/sec_description/src/tf_subscriber.cpp:3[m[K:
[8.491s] [01m[K/home/orion/IEEE_SEC_HW_Competition/sec_test_dev_humble_ws/src/sec_description/src/tf_subscriber.cpp:[m[K In member function â€˜[01m[Kvoid TFSubscriber::tf_callback(geometry_msgs::msg::TransformStamped_<std::allocator<void> >::SharedPtr)[m[Kâ€™:
[8.491s] [01m[K/home/orion/IEEE_SEC_HW_Competition/sec_test_dev_humble_ws/src/sec_description/src/tf_subscriber.cpp:48:70:[m[K [01;31m[Kerror: [m[Kâ€˜[01m[Kusing element_type = struct geometry_msgs::msg::TransformStamped_<std::allocator<void> >[m[Kâ€™ {aka â€˜[01m[Kstruct geometry_msgs::msg::TransformStamped_<std::allocator<void> >[m[Kâ€™} has no member named â€˜[01m[Kdata[m[Kâ€™
[8.491s]    48 | t_logger(), "Received TF message:\n%s", msg->[01;31m[Kdata[m[K.c_str());
[8.491s]       |                                              [01;31m[K^~~~[m[K
[8.491s] 
[11.331s] gmake[2]: *** [CMakeFiles/listener.dir/build.make:76: CMakeFiles/listener.dir/src/tf_subscriber.cpp.o] Error 1
[11.332s] gmake[1]: *** [CMakeFiles/Makefile2:137: CMakeFiles/listener.dir/all] Error 2
[11.332s] gmake: *** [Makefile:146: all] Error 2
[11.334s] Invoked command in '/home/orion/IEEE_SEC_HW_Competition/sec_test_dev_humble_ws/build/sec_description' returned '2': CMAKE_PREFIX_PATH=/opt/ros/humble /usr/bin/cmake --build /home/orion/IEEE_SEC_HW_Competition/sec_test_dev_humble_ws/build/sec_description -- -j8 -l8
